# JRE version: Java(TM) SE Runtime Environment (8.0_111-b14) (build 1.8.0_111-b14)
# Java VM: Java HotSpot(TM) 64-Bit Server VM (25.111-b14 mixed mode windows-amd64 compressed oops)
Heap:
 PSYoungGen      total 17408K, used 8366K [0x00000000d5f80000, 0x00000000d7800000, 0x0000000100000000)
  eden space 11264K, 19% used [0x00000000d5f80000,0x00000000d61b2f48,0x00000000d6a80000)
  from space 6144K, 99% used [0x00000000d6a80000,0x00000000d7078bf0,0x00000000d7080000)
  to   space 5120K, 0% used [0x00000000d7080000,0x00000000d7080000,0x00000000d7580000)
 ParOldGen       total 9728K, used 5677K [0x0000000081e00000, 0x0000000082780000, 0x00000000d5f80000)
  object space 9728K, 58% used [0x0000000081e00000,0x000000008238b468,0x0000000082780000)
 Metaspace       used 9717K, capacity 10112K, committed 10368K, reserved 1058816K
  class space    used 1093K, capacity 1140K, committed 1152K, reserved 1048576K
GC Heap History (10 events):
Event: 0.385 GC heap before
{Heap before GC invocations=6 (full 1):
 PSYoungGen      total 6656K, used 512K [0x00000000d5f80000, 0x00000000d7180000, 0x0000000100000000)
  eden space 6144K, 0% used [0x00000000d5f80000,0x00000000d5f80000,0x00000000d6580000)
  from space 512K, 100% used [0x00000000d6580000,0x00000000d6600000,0x00000000d6600000)
  to   space 3072K, 0% used [0x00000000d6e80000,0x00000000d6e80000,0x00000000d7180000)
 ParOldGen       total 5632K, used 3766K [0x0000000081e00000, 0x0000000082380000, 0x00000000d5f80000)
  object space 5632K, 66% used [0x0000000081e00000,0x00000000821adbe8,0x0000000082380000)
 Metaspace       used 7461K, capacity 8244K, committed 8448K, reserved 1056768K
  class space    used 903K, capacity 944K, committed 1024K, reserved 1048576K
Event: 0.407 GC heap after
Heap after GC invocations=6 (full 1):
 PSYoungGen      total 6656K, used 0K [0x00000000d5f80000, 0x00000000d7180000, 0x0000000100000000)
  eden space 6144K, 0% used [0x00000000d5f80000,0x00000000d5f80000,0x00000000d6580000)
  from space 512K, 0% used [0x00000000d6580000,0x00000000d6580000,0x00000000d6600000)
  to   space 3072K, 0% used [0x00000000d6e80000,0x00000000d6e80000,0x00000000d7180000)
 ParOldGen       total 9728K, used 4029K [0x0000000081e00000, 0x0000000082780000, 0x00000000d5f80000)
  object space 9728K, 41% used [0x0000000081e00000,0x00000000821ef468,0x0000000082780000)
 Metaspace       used 7461K, capacity 8244K, committed 8448K, reserved 1056768K
  class space    used 903K, capacity 944K, committed 1024K, reserved 1048576K
}
Event: 0.442 GC heap before
{Heap before GC invocations=7 (full 1):
 PSYoungGen      total 6656K, used 6144K [0x00000000d5f80000, 0x00000000d7180000, 0x0000000100000000)
  eden space 6144K, 100% used [0x00000000d5f80000,0x00000000d6580000,0x00000000d6580000)
  from space 512K, 0% used [0x00000000d6580000,0x00000000d6580000,0x00000000d6600000)
  to   space 3072K, 0% used [0x00000000d6e80000,0x00000000d6e80000,0x00000000d7180000)
 ParOldGen       total 9728K, used 4029K [0x0000000081e00000, 0x0000000082780000, 0x00000000d5f80000)
  object space 9728K, 41% used [0x0000000081e00000,0x00000000821ef468,0x0000000082780000)
 Metaspace       used 7492K, capacity 8308K, committed 8448K, reserved 1056768K
  class space    used 905K, capacity 944K, committed 1024K, reserved 1048576K
Event: 0.445 GC heap after
Heap after GC invocations=7 (full 1):
 PSYoungGen      total 11776K, used 3042K [0x00000000d5f80000, 0x00000000d7180000, 0x0000000100000000)
  eden space 8704K, 0% used [0x00000000d5f80000,0x00000000d5f80000,0x00000000d6800000)
  from space 3072K, 99% used [0x00000000d6e80000,0x00000000d7178bc0,0x00000000d7180000)
  to   space 4608K, 0% used [0x00000000d6880000,0x00000000d6880000,0x00000000d6d00000)
 ParOldGen       total 9728K, used 5221K [0x0000000081e00000, 0x0000000082780000, 0x00000000d5f80000)
  object space 9728K, 53% used [0x0000000081e00000,0x0000000082319468,0x0000000082780000)
 Metaspace       used 7492K, capacity 8308K, committed 8448K, reserved 1056768K
  class space    used 905K, capacity 944K, committed 1024K, reserved 1048576K
}
Event: 0.504 GC heap before
{Heap before GC invocations=8 (full 1):
 PSYoungGen      total 11776K, used 11746K [0x00000000d5f80000, 0x00000000d7180000, 0x0000000100000000)
  eden space 8704K, 100% used [0x00000000d5f80000,0x00000000d6800000,0x00000000d6800000)
  from space 3072K, 99% used [0x00000000d6e80000,0x00000000d7178bc0,0x00000000d7180000)
  to   space 4608K, 0% used [0x00000000d6880000,0x00000000d6880000,0x00000000d6d00000)
 ParOldGen       total 9728K, used 5221K [0x0000000081e00000, 0x0000000082780000, 0x00000000d5f80000)
  object space 9728K, 53% used [0x0000000081e00000,0x0000000082319468,0x0000000082780000)
 Metaspace       used 7726K, capacity 8500K, committed 8704K, reserved 1056768K
  class space    used 920K, capacity 944K, committed 1024K, reserved 1048576K
Event: 0.506 GC heap after
Heap after GC invocations=8 (full 1):
 PSYoungGen      total 13824K, used 4034K [0x00000000d5f80000, 0x00000000d7580000, 0x0000000100000000)
  eden space 9216K, 0% used [0x00000000d5f80000,0x00000000d5f80000,0x00000000d6880000)
  from space 4608K, 87% used [0x00000000d6880000,0x00000000d6c70bc0,0x00000000d6d00000)
  to   space 5120K, 0% used [0x00000000d7080000,0x00000000d7080000,0x00000000d7580000)
 ParOldGen       total 9728K, used 5229K [0x0000000081e00000, 0x0000000082780000, 0x00000000d5f80000)
  object space 9728K, 53% used [0x0000000081e00000,0x000000008231b468,0x0000000082780000)
 Metaspace       used 7726K, capacity 8500K, committed 8704K, reserved 1056768K
  class space    used 920K, capacity 944K, committed 1024K, reserved 1048576K
}
Event: 0.693 GC heap before
{Heap before GC invocations=9 (full 1):
 PSYoungGen      total 13824K, used 13250K [0x00000000d5f80000, 0x00000000d7580000, 0x0000000100000000)
  eden space 9216K, 100% used [0x00000000d5f80000,0x00000000d6880000,0x00000000d6880000)
  from space 4608K, 87% used [0x00000000d6880000,0x00000000d6c70bc0,0x00000000d6d00000)
  to   space 5120K, 0% used [0x00000000d7080000,0x00000000d7080000,0x00000000d7580000)
 ParOldGen       total 9728K, used 5229K [0x0000000081e00000, 0x0000000082780000, 0x00000000d5f80000)
  object space 9728K, 53% used [0x0000000081e00000,0x000000008231b468,0x0000000082780000)
 Metaspace       used 9228K, capacity 9728K, committed 9856K, reserved 1058816K
  class space    used 1078K, capacity 1140K, committed 1152K, reserved 1048576K
Event: 0.697 GC heap after
Heap after GC invocations=9 (full 1):
 PSYoungGen      total 16384K, used 5090K [0x00000000d5f80000, 0x00000000d7800000, 0x0000000100000000)
  eden space 11264K, 0% used [0x00000000d5f80000,0x00000000d5f80000,0x00000000d6a80000)
  from space 5120K, 99% used [0x00000000d7080000,0x00000000d7578bd0,0x00000000d7580000)
  to   space 6144K, 0% used [0x00000000d6a80000,0x00000000d6a80000,0x00000000d7080000)
 ParOldGen       total 9728K, used 5661K [0x0000000081e00000, 0x0000000082780000, 0x00000000d5f80000)
  object space 9728K, 58% used [0x0000000081e00000,0x0000000082387468,0x0000000082780000)
 Metaspace       used 9228K, capacity 9728K, committed 9856K, reserved 1058816K
  class space    used 1078K, capacity 1140K, committed 1152K, reserved 1048576K
}
Event: 0.972 GC heap before
{Heap before GC invocations=10 (full 1):
 PSYoungGen      total 16384K, used 16354K [0x00000000d5f80000, 0x00000000d7800000, 0x0000000100000000)
  eden space 11264K, 100% used [0x00000000d5f80000,0x00000000d6a80000,0x00000000d6a80000)
  from space 5120K, 99% used [0x00000000d7080000,0x00000000d7578bd0,0x00000000d7580000)
  to   space 6144K, 0% used [0x00000000d6a80000,0x00000000d6a80000,0x00000000d7080000)
 ParOldGen       total 9728K, used 5661K [0x0000000081e00000, 0x0000000082780000, 0x00000000d5f80000)
  object space 9728K, 58% used [0x0000000081e00000,0x0000000082387468,0x0000000082780000)
 Metaspace       used 9654K, capacity 10048K, committed 10112K, reserved 1058816K
  class space    used 1092K, capacity 1140K, committed 1152K, reserved 1048576K
Event: 0.977 GC heap after
Heap after GC invocations=10 (full 1):
 PSYoungGen      total 17408K, used 6114K [0x00000000d5f80000, 0x00000000d7800000, 0x0000000100000000)
  eden space 11264K, 0% used [0x00000000d5f80000,0x00000000d5f80000,0x00000000d6a80000)
  from space 6144K, 99% used [0x00000000d6a80000,0x00000000d7078bf0,0x00000000d7080000)
  to   space 5120K, 0% used [0x00000000d7080000,0x00000000d7080000,0x00000000d7580000)
 ParOldGen       total 9728K, used 5677K [0x0000000081e00000, 0x0000000082780000, 0x00000000d5f80000)
  object space 9728K, 58% used [0x0000000081e00000,0x000000008238b468,0x0000000082780000)
 Metaspace       used 9654K, capacity 10048K, committed 10112K, reserved 1058816K
  class space    used 1092K, capacity 1140K, committed 1152K, reserved 1048576K
}

