# JRE version: Java(TM) SE Runtime Environment (8.0_111-b14) (build 1.8.0_111-b14)
# Java VM: Java HotSpot(TM) 64-Bit Server VM (25.111-b14 mixed mode windows-amd64 compressed oops)
Heap:
 PSYoungGen      total 15360K, used 6727K [0x00000000d5f80000, 0x00000000d7400000, 0x0000000100000000)
  eden space 10240K, 15% used [0x00000000d5f80000,0x00000000d61186f0,0x00000000d6980000)
  from space 5120K, 99% used [0x00000000d6f00000,0x00000000d73f96d8,0x00000000d7400000)
  to   space 4096K, 0% used [0x00000000d6980000,0x00000000d6980000,0x00000000d6d80000)
 ParOldGen       total 10240K, used 5379K [0x0000000081e00000, 0x0000000082800000, 0x00000000d5f80000)
  object space 10240K, 52% used [0x0000000081e00000,0x0000000082340fd8,0x0000000082800000)
 Metaspace       used 8900K, capacity 9376K, committed 9600K, reserved 1058816K
  class space    used 1054K, capacity 1108K, committed 1152K, reserved 1048576K
GC Heap History (10 events):
Event: 0.414 GC heap before
{Heap before GC invocations=4 (full 0):
 PSYoungGen      total 3584K, used 3567K [0x00000000d5f80000, 0x00000000d6680000, 0x0000000100000000)
  eden space 3072K, 100% used [0x00000000d5f80000,0x00000000d6280000,0x00000000d6280000)
  from space 512K, 96% used [0x00000000d6280000,0x00000000d62fbc30,0x00000000d6300000)
  to   space 512K, 0% used [0x00000000d6600000,0x00000000d6600000,0x00000000d6680000)
 ParOldGen       total 5632K, used 696K [0x0000000081e00000, 0x0000000082380000, 0x00000000d5f80000)
  object space 5632K, 12% used [0x0000000081e00000,0x0000000081eae060,0x0000000082380000)
 Metaspace       used 6238K, capacity 7380K, committed 7552K, reserved 1056768K
  class space    used 794K, capacity 848K, committed 896K, reserved 1048576K
Event: 0.414 GC heap after
Heap after GC invocations=4 (full 0):
 PSYoungGen      total 6656K, used 496K [0x00000000d5f80000, 0x00000000d6680000, 0x0000000100000000)
  eden space 6144K, 0% used [0x00000000d5f80000,0x00000000d5f80000,0x00000000d6580000)
  from space 512K, 96% used [0x00000000d6600000,0x00000000d667c020,0x00000000d6680000)
  to   space 512K, 0% used [0x00000000d6580000,0x00000000d6580000,0x00000000d6600000)
 ParOldGen       total 5632K, used 1012K [0x0000000081e00000, 0x0000000082380000, 0x00000000d5f80000)
  object space 5632K, 17% used [0x0000000081e00000,0x0000000081efd160,0x0000000082380000)
 Metaspace       used 6238K, capacity 7380K, committed 7552K, reserved 1056768K
  class space    used 794K, capacity 848K, committed 896K, reserved 1048576K
}
Event: 0.590 GC heap before
{Heap before GC invocations=5 (full 0):
 PSYoungGen      total 6656K, used 6640K [0x00000000d5f80000, 0x00000000d6680000, 0x0000000100000000)
  eden space 6144K, 100% used [0x00000000d5f80000,0x00000000d6580000,0x00000000d6580000)
  from space 512K, 96% used [0x00000000d6600000,0x00000000d667c020,0x00000000d6680000)
  to   space 512K, 0% used [0x00000000d6580000,0x00000000d6580000,0x00000000d6600000)
 ParOldGen       total 5632K, used 1012K [0x0000000081e00000, 0x0000000082380000, 0x00000000d5f80000)
  object space 5632K, 17% used [0x0000000081e00000,0x0000000081efd160,0x0000000082380000)
 Metaspace       used 7430K, capacity 8244K, committed 8448K, reserved 1056768K
  class space    used 907K, capacity 944K, committed 1024K, reserved 1048576K
Event: 0.593 GC heap after
Heap after GC invocations=5 (full 0):
 PSYoungGen      total 6656K, used 509K [0x00000000d5f80000, 0x00000000d7180000, 0x0000000100000000)
  eden space 6144K, 0% used [0x00000000d5f80000,0x00000000d5f80000,0x00000000d6580000)
  from space 512K, 99% used [0x00000000d6580000,0x00000000d65ff528,0x00000000d6600000)
  to   space 3072K, 0% used [0x00000000d6e80000,0x00000000d6e80000,0x00000000d7180000)
 ParOldGen       total 5632K, used 4221K [0x0000000081e00000, 0x0000000082380000, 0x00000000d5f80000)
  object space 5632K, 74% used [0x0000000081e00000,0x000000008221f630,0x0000000082380000)
 Metaspace       used 7430K, capacity 8244K, committed 8448K, reserved 1056768K
  class space    used 907K, capacity 944K, committed 1024K, reserved 1048576K
}
Event: 0.593 GC heap before
{Heap before GC invocations=6 (full 1):
 PSYoungGen      total 6656K, used 509K [0x00000000d5f80000, 0x00000000d7180000, 0x0000000100000000)
  eden space 6144K, 0% used [0x00000000d5f80000,0x00000000d5f80000,0x00000000d6580000)
  from space 512K, 99% used [0x00000000d6580000,0x00000000d65ff528,0x00000000d6600000)
  to   space 3072K, 0% used [0x00000000d6e80000,0x00000000d6e80000,0x00000000d7180000)
 ParOldGen       total 5632K, used 4221K [0x0000000081e00000, 0x0000000082380000, 0x00000000d5f80000)
  object space 5632K, 74% used [0x0000000081e00000,0x000000008221f630,0x0000000082380000)
 Metaspace       used 7430K, capacity 8244K, committed 8448K, reserved 1056768K
  class space    used 907K, capacity 944K, committed 1024K, reserved 1048576K
Event: 0.632 GC heap after
Heap after GC invocations=6 (full 1):
 PSYoungGen      total 6656K, used 0K [0x00000000d5f80000, 0x00000000d7180000, 0x0000000100000000)
  eden space 6144K, 0% used [0x00000000d5f80000,0x00000000d5f80000,0x00000000d6580000)
  from space 512K, 0% used [0x00000000d6580000,0x00000000d6580000,0x00000000d6600000)
  to   space 3072K, 0% used [0x00000000d6e80000,0x00000000d6e80000,0x00000000d7180000)
 ParOldGen       total 10240K, used 4515K [0x0000000081e00000, 0x0000000082800000, 0x00000000d5f80000)
  object space 10240K, 44% used [0x0000000081e00000,0x0000000082268fd8,0x0000000082800000)
 Metaspace       used 7430K, capacity 8244K, committed 8448K, reserved 1056768K
  class space    used 907K, capacity 944K, committed 1024K, reserved 1048576K
}
Event: 0.701 GC heap before
{Heap before GC invocations=7 (full 1):
 PSYoungGen      total 6656K, used 6144K [0x00000000d5f80000, 0x00000000d7180000, 0x0000000100000000)
  eden space 6144K, 100% used [0x00000000d5f80000,0x00000000d6580000,0x00000000d6580000)
  from space 512K, 0% used [0x00000000d6580000,0x00000000d6580000,0x00000000d6600000)
  to   space 3072K, 0% used [0x00000000d6e80000,0x00000000d6e80000,0x00000000d7180000)
 ParOldGen       total 10240K, used 4515K [0x0000000081e00000, 0x0000000082800000, 0x00000000d5f80000)
  object space 10240K, 44% used [0x0000000081e00000,0x0000000082268fd8,0x0000000082800000)
 Metaspace       used 7493K, capacity 8308K, committed 8448K, reserved 1056768K
  class space    used 912K, capacity 944K, committed 1024K, reserved 1048576K
Event: 0.706 GC heap after
Heap after GC invocations=7 (full 1):
 PSYoungGen      total 11264K, used 3049K [0x00000000d5f80000, 0x00000000d7180000, 0x0000000100000000)
  eden space 8192K, 0% used [0x00000000d5f80000,0x00000000d5f80000,0x00000000d6780000)
  from space 3072K, 99% used [0x00000000d6e80000,0x00000000d717a748,0x00000000d7180000)
  to   space 4096K, 0% used [0x00000000d6980000,0x00000000d6980000,0x00000000d6d80000)
 ParOldGen       total 10240K, used 5083K [0x0000000081e00000, 0x0000000082800000, 0x00000000d5f80000)
  object space 10240K, 49% used [0x0000000081e00000,0x00000000822f6fd8,0x0000000082800000)
 Metaspace       used 7493K, capacity 8308K, committed 8448K, reserved 1056768K
  class space    used 912K, capacity 944K, committed 1024K, reserved 1048576K
}
Event: 0.802 GC heap before
{Heap before GC invocations=8 (full 1):
 PSYoungGen      total 11264K, used 11241K [0x00000000d5f80000, 0x00000000d7180000, 0x0000000100000000)
  eden space 8192K, 100% used [0x00000000d5f80000,0x00000000d6780000,0x00000000d6780000)
  from space 3072K, 99% used [0x00000000d6e80000,0x00000000d717a748,0x00000000d7180000)
  to   space 4096K, 0% used [0x00000000d6980000,0x00000000d6980000,0x00000000d6d80000)
 ParOldGen       total 10240K, used 5083K [0x0000000081e00000, 0x0000000082800000, 0x00000000d5f80000)
  object space 10240K, 49% used [0x0000000081e00000,0x00000000822f6fd8,0x0000000082800000)
 Metaspace       used 7656K, capacity 8436K, committed 8704K, reserved 1056768K
  class space    used 922K, capacity 944K, committed 1024K, reserved 1048576K
Event: 0.805 GC heap after
Heap after GC invocations=8 (full 1):
 PSYoungGen      total 14336K, used 3794K [0x00000000d5f80000, 0x00000000d7400000, 0x0000000100000000)
  eden space 10240K, 0% used [0x00000000d5f80000,0x00000000d5f80000,0x00000000d6980000)
  from space 4096K, 92% used [0x00000000d6980000,0x00000000d6d34bd0,0x00000000d6d80000)
  to   space 5120K, 0% used [0x00000000d6f00000,0x00000000d6f00000,0x00000000d7400000)
 ParOldGen       total 10240K, used 5091K [0x0000000081e00000, 0x0000000082800000, 0x00000000d5f80000)
  object space 10240K, 49% used [0x0000000081e00000,0x00000000822f8fd8,0x0000000082800000)
 Metaspace       used 7656K, capacity 8436K, committed 8704K, reserved 1056768K
  class space    used 922K, capacity 944K, committed 1024K, reserved 1048576K
}

