# JRE version: Java(TM) SE Runtime Environment (8.0_111-b14) (build 1.8.0_111-b14)
# Java VM: Java HotSpot(TM) 64-Bit Server VM (25.111-b14 mixed mode windows-amd64 compressed oops)
Heap:
 PSYoungGen      total 6656K, used 3438K [0x00000000d5f80000, 0x00000000d7280000, 0x0000000100000000)
  eden space 6144K, 55% used [0x00000000d5f80000,0x00000000d62db9a8,0x00000000d6580000)
  from space 512K, 0% used [0x00000000d6580000,0x00000000d6580000,0x00000000d6600000)
  to   space 3584K, 0% used [0x00000000d6f00000,0x00000000d6f00000,0x00000000d7280000)
 ParOldGen       total 5632K, used 5448K [0x0000000081e00000, 0x0000000082380000, 0x00000000d5f80000)
  object space 5632K, 96% used [0x0000000081e00000,0x0000000082352000,0x0000000082380000)
 Metaspace       used 8925K, capacity 9440K, committed 9600K, reserved 1058816K
  class space    used 1048K, capacity 1108K, committed 1152K, reserved 1048576K
GC Heap History (10 events):
Event: 0.345 GC heap before
{Heap before GC invocations=6 (full 1):
 PSYoungGen      total 6656K, used 500K [0x00000000d5f80000, 0x00000000d7280000, 0x0000000100000000)
  eden space 6144K, 0% used [0x00000000d5f80000,0x00000000d5f80000,0x00000000d6580000)
  from space 512K, 97% used [0x00000000d6580000,0x00000000d65fd010,0x00000000d6600000)
  to   space 3584K, 0% used [0x00000000d6f00000,0x00000000d6f00000,0x00000000d7280000)
 ParOldGen       total 5632K, used 4682K [0x0000000081e00000, 0x0000000082380000, 0x00000000d5f80000)
  object space 5632K, 83% used [0x0000000081e00000,0x0000000082292990,0x0000000082380000)
 Metaspace       used 7351K, capacity 8180K, committed 8448K, reserved 1056768K
  class space    used 901K, capacity 944K, committed 1024K, reserved 1048576K
Event: 0.375 GC heap after
Heap after GC invocations=6 (full 1):
 PSYoungGen      total 6656K, used 0K [0x00000000d5f80000, 0x00000000d7280000, 0x0000000100000000)
  eden space 6144K, 0% used [0x00000000d5f80000,0x00000000d5f80000,0x00000000d6580000)
  from space 512K, 0% used [0x00000000d6580000,0x00000000d6580000,0x00000000d6600000)
  to   space 3584K, 0% used [0x00000000d6f00000,0x00000000d6f00000,0x00000000d7280000)
 ParOldGen       total 5632K, used 4968K [0x0000000081e00000, 0x0000000082380000, 0x00000000d5f80000)
  object space 5632K, 88% used [0x0000000081e00000,0x00000000822da128,0x0000000082380000)
 Metaspace       used 7351K, capacity 8180K, committed 8448K, reserved 1056768K
  class space    used 901K, capacity 944K, committed 1024K, reserved 1048576K
}
Event: 0.415 GC heap before
{Heap before GC invocations=7 (full 2):
 PSYoungGen      total 6656K, used 6144K [0x00000000d5f80000, 0x00000000d7280000, 0x0000000100000000)
  eden space 6144K, 100% used [0x00000000d5f80000,0x00000000d6580000,0x00000000d6580000)
  from space 512K, 0% used [0x00000000d6580000,0x00000000d6580000,0x00000000d6600000)
  to   space 3584K, 0% used [0x00000000d6f00000,0x00000000d6f00000,0x00000000d7280000)
 ParOldGen       total 5632K, used 4968K [0x0000000081e00000, 0x0000000082380000, 0x00000000d5f80000)
  object space 5632K, 88% used [0x0000000081e00000,0x00000000822da128,0x0000000082380000)
 Metaspace       used 7457K, capacity 8244K, committed 8448K, reserved 1056768K
  class space    used 909K, capacity 944K, committed 1024K, reserved 1048576K
Event: 0.439 GC heap after
Heap after GC invocations=7 (full 2):
 PSYoungGen      total 6656K, used 338K [0x00000000d5f80000, 0x00000000d7280000, 0x0000000100000000)
  eden space 6144K, 5% used [0x00000000d5f80000,0x00000000d5fd4aa0,0x00000000d6580000)
  from space 512K, 0% used [0x00000000d6580000,0x00000000d6580000,0x00000000d6600000)
  to   space 3584K, 0% used [0x00000000d6f00000,0x00000000d6f00000,0x00000000d7280000)
 ParOldGen       total 5632K, used 5580K [0x0000000081e00000, 0x0000000082380000, 0x00000000d5f80000)
  object space 5632K, 99% used [0x0000000081e00000,0x0000000082373070,0x0000000082380000)
 Metaspace       used 7457K, capacity 8244K, committed 8448K, reserved 1056768K
  class space    used 909K, capacity 944K, committed 1024K, reserved 1048576K
}
Event: 0.481 GC heap before
{Heap before GC invocations=8 (full 3):
 PSYoungGen      total 6656K, used 6144K [0x00000000d5f80000, 0x00000000d7280000, 0x0000000100000000)
  eden space 6144K, 100% used [0x00000000d5f80000,0x00000000d6580000,0x00000000d6580000)
  from space 512K, 0% used [0x00000000d6580000,0x00000000d6580000,0x00000000d6600000)
  to   space 3584K, 0% used [0x00000000d6f00000,0x00000000d6f00000,0x00000000d7280000)
 ParOldGen       total 5632K, used 5580K [0x0000000081e00000, 0x0000000082380000, 0x00000000d5f80000)
  object space 5632K, 99% used [0x0000000081e00000,0x0000000082373070,0x0000000082380000)
 Metaspace       used 7674K, capacity 8436K, committed 8704K, reserved 1056768K
  class space    used 931K, capacity 944K, committed 1024K, reserved 1048576K
Event: 0.508 GC heap after
Heap after GC invocations=8 (full 3):
 PSYoungGen      total 6656K, used 1083K [0x00000000d5f80000, 0x00000000d7280000, 0x0000000100000000)
  eden space 6144K, 17% used [0x00000000d5f80000,0x00000000d608eeb8,0x00000000d6580000)
  from space 512K, 0% used [0x00000000d6580000,0x00000000d6580000,0x00000000d6600000)
  to   space 3584K, 0% used [0x00000000d6f00000,0x00000000d6f00000,0x00000000d7280000)
 ParOldGen       total 5632K, used 5576K [0x0000000081e00000, 0x0000000082380000, 0x00000000d5f80000)
  object space 5632K, 99% used [0x0000000081e00000,0x00000000823721f8,0x0000000082380000)
 Metaspace       used 7674K, capacity 8436K, committed 8704K, reserved 1056768K
  class space    used 931K, capacity 944K, committed 1024K, reserved 1048576K
}
Event: 0.557 GC heap before
{Heap before GC invocations=9 (full 4):
 PSYoungGen      total 6656K, used 6144K [0x00000000d5f80000, 0x00000000d7280000, 0x0000000100000000)
  eden space 6144K, 100% used [0x00000000d5f80000,0x00000000d6580000,0x00000000d6580000)
  from space 512K, 0% used [0x00000000d6580000,0x00000000d6580000,0x00000000d6600000)
  to   space 3584K, 0% used [0x00000000d6f00000,0x00000000d6f00000,0x00000000d7280000)
 ParOldGen       total 5632K, used 5576K [0x0000000081e00000, 0x0000000082380000, 0x00000000d5f80000)
  object space 5632K, 99% used [0x0000000081e00000,0x00000000823721f8,0x0000000082380000)
 Metaspace       used 8268K, capacity 8768K, committed 8960K, reserved 1056768K
  class space    used 997K, capacity 1012K, committed 1024K, reserved 1048576K
Event: 0.587 GC heap after
Heap after GC invocations=9 (full 4):
 PSYoungGen      total 6656K, used 1724K [0x00000000d5f80000, 0x00000000d7280000, 0x0000000100000000)
  eden space 6144K, 28% used [0x00000000d5f80000,0x00000000d612f2e0,0x00000000d6580000)
  from space 512K, 0% used [0x00000000d6580000,0x00000000d6580000,0x00000000d6600000)
  to   space 3584K, 0% used [0x00000000d6f00000,0x00000000d6f00000,0x00000000d7280000)
 ParOldGen       total 5632K, used 5576K [0x0000000081e00000, 0x0000000082380000, 0x00000000d5f80000)
  object space 5632K, 99% used [0x0000000081e00000,0x0000000082372040,0x0000000082380000)
 Metaspace       used 8268K, capacity 8768K, committed 8960K, reserved 1056768K
  class space    used 997K, capacity 1012K, committed 1024K, reserved 1048576K
}
Event: 0.676 GC heap before
{Heap before GC invocations=10 (full 5):
 PSYoungGen      total 6656K, used 6144K [0x00000000d5f80000, 0x00000000d7280000, 0x0000000100000000)
  eden space 6144K, 100% used [0x00000000d5f80000,0x00000000d6580000,0x00000000d6580000)
  from space 512K, 0% used [0x00000000d6580000,0x00000000d6580000,0x00000000d6600000)
  to   space 3584K, 0% used [0x00000000d6f00000,0x00000000d6f00000,0x00000000d7280000)
 ParOldGen       total 5632K, used 5576K [0x0000000081e00000, 0x0000000082380000, 0x00000000d5f80000)
  object space 5632K, 99% used [0x0000000081e00000,0x0000000082372040,0x0000000082380000)
 Metaspace       used 8661K, capacity 9216K, committed 9344K, reserved 1056768K
  class space    used 1019K, capacity 1076K, committed 1152K, reserved 1048576K
Event: 0.713 GC heap after
Heap after GC invocations=10 (full 5):
 PSYoungGen      total 6656K, used 2584K [0x00000000d5f80000, 0x00000000d7280000, 0x0000000100000000)
  eden space 6144K, 42% used [0x00000000d5f80000,0x00000000d6206050,0x00000000d6580000)
  from space 512K, 0% used [0x00000000d6580000,0x00000000d6580000,0x00000000d6600000)
  to   space 3584K, 0% used [0x00000000d6f00000,0x00000000d6f00000,0x00000000d7280000)
 ParOldGen       total 5632K, used 5448K [0x0000000081e00000, 0x0000000082380000, 0x00000000d5f80000)
  object space 5632K, 96% used [0x0000000081e00000,0x0000000082352000,0x0000000082380000)
 Metaspace       used 8661K, capacity 9216K, committed 9344K, reserved 1056768K
  class space    used 1019K, capacity 1076K, committed 1152K, reserved 1048576K
}

