# JRE version: Java(TM) SE Runtime Environment (8.0_111-b14) (build 1.8.0_111-b14)
# Java VM: Java HotSpot(TM) 64-Bit Server VM (25.111-b14 mixed mode windows-amd64 compressed oops)
Heap:
 PSYoungGen      total 38400K, used 9250K [0x00000000d5f80000, 0x00000000d8a00000, 0x0000000100000000)
  eden space 33280K, 15% used [0x00000000d5f80000,0x00000000d648c808,0x00000000d8000000)
  from space 5120K, 79% used [0x00000000d8500000,0x00000000d88fc020,0x00000000d8a00000)
  to   space 5120K, 0% used [0x00000000d8000000,0x00000000d8000000,0x00000000d8500000)
 ParOldGen       total 87552K, used 45388K [0x0000000081e00000, 0x0000000087380000, 0x00000000d5f80000)
  object space 87552K, 51% used [0x0000000081e00000,0x0000000084a532c8,0x0000000087380000)
 Metaspace       used 17850K, capacity 18084K, committed 18560K, reserved 1064960K
  class space    used 2250K, capacity 2332K, committed 2432K, reserved 1048576K
GC Heap History (8 events):
Event: 16.942 GC heap before
{Heap before GC invocations=1 (full 0):
 PSYoungGen      total 38400K, used 33280K [0x00000000d5f80000, 0x00000000d8a00000, 0x0000000100000000)
  eden space 33280K, 100% used [0x00000000d5f80000,0x00000000d8000000,0x00000000d8000000)
  from space 5120K, 0% used [0x00000000d8500000,0x00000000d8500000,0x00000000d8a00000)
  to   space 5120K, 0% used [0x00000000d8000000,0x00000000d8000000,0x00000000d8500000)
 ParOldGen       total 87552K, used 0K [0x0000000081e00000, 0x0000000087380000, 0x00000000d5f80000)
  object space 87552K, 0% used [0x0000000081e00000,0x0000000081e00000,0x0000000087380000)
 Metaspace       used 17352K, capacity 17628K, committed 18048K, reserved 1064960K
  class space    used 2246K, capacity 2332K, committed 2432K, reserved 1048576K
Event: 16.949 GC heap after
Heap after GC invocations=1 (full 0):
 PSYoungGen      total 38400K, used 4613K [0x00000000d5f80000, 0x00000000d8a00000, 0x0000000100000000)
  eden space 33280K, 0% used [0x00000000d5f80000,0x00000000d5f80000,0x00000000d8000000)
  from space 5120K, 90% used [0x00000000d8000000,0x00000000d84814b8,0x00000000d8500000)
  to   space 5120K, 0% used [0x00000000d8500000,0x00000000d8500000,0x00000000d8a00000)
 ParOldGen       total 87552K, used 14725K [0x0000000081e00000, 0x0000000087380000, 0x00000000d5f80000)
  object space 87552K, 16% used [0x0000000081e00000,0x0000000082c61440,0x0000000087380000)
 Metaspace       used 17352K, capacity 17628K, committed 18048K, reserved 1064960K
  class space    used 2246K, capacity 2332K, committed 2432K, reserved 1048576K
}
Event: 21.649 GC heap before
{Heap before GC invocations=2 (full 0):
 PSYoungGen      total 38400K, used 37893K [0x00000000d5f80000, 0x00000000d8a00000, 0x0000000100000000)
  eden space 33280K, 100% used [0x00000000d5f80000,0x00000000d8000000,0x00000000d8000000)
  from space 5120K, 90% used [0x00000000d8000000,0x00000000d84814b8,0x00000000d8500000)
  to   space 5120K, 0% used [0x00000000d8500000,0x00000000d8500000,0x00000000d8a00000)
 ParOldGen       total 87552K, used 14725K [0x0000000081e00000, 0x0000000087380000, 0x00000000d5f80000)
  object space 87552K, 16% used [0x0000000081e00000,0x0000000082c61440,0x0000000087380000)
 Metaspace       used 17752K, capacity 18020K, committed 18304K, reserved 1064960K
  class space    used 2248K, capacity 2332K, committed 2432K, reserved 1048576K
Event: 21.653 GC heap after
Heap after GC invocations=2 (full 0):
 PSYoungGen      total 38400K, used 4208K [0x00000000d5f80000, 0x00000000d8a00000, 0x0000000100000000)
  eden space 33280K, 0% used [0x00000000d5f80000,0x00000000d5f80000,0x00000000d8000000)
  from space 5120K, 82% used [0x00000000d8500000,0x00000000d891c020,0x00000000d8a00000)
  to   space 5120K, 0% used [0x00000000d8000000,0x00000000d8000000,0x00000000d8500000)
 ParOldGen       total 87552K, used 14733K [0x0000000081e00000, 0x0000000087380000, 0x00000000d5f80000)
  object space 87552K, 16% used [0x0000000081e00000,0x0000000082c63440,0x0000000087380000)
 Metaspace       used 17752K, capacity 18020K, committed 18304K, reserved 1064960K
  class space    used 2248K, capacity 2332K, committed 2432K, reserved 1048576K
}
Event: 23.980 GC heap before
{Heap before GC invocations=3 (full 0):
 PSYoungGen      total 38400K, used 34272K [0x00000000d5f80000, 0x00000000d8a00000, 0x0000000100000000)
  eden space 33280K, 90% used [0x00000000d5f80000,0x00000000d7cdc008,0x00000000d8000000)
  from space 5120K, 82% used [0x00000000d8500000,0x00000000d891c020,0x00000000d8a00000)
  to   space 5120K, 0% used [0x00000000d8000000,0x00000000d8000000,0x00000000d8500000)
 ParOldGen       total 87552K, used 14733K [0x0000000081e00000, 0x0000000087380000, 0x00000000d5f80000)
  object space 87552K, 16% used [0x0000000081e00000,0x0000000082c63440,0x0000000087380000)
 Metaspace       used 17802K, capacity 18084K, committed 18560K, reserved 1064960K
  class space    used 2250K, capacity 2332K, committed 2432K, reserved 1048576K
Event: 23.986 GC heap after
Heap after GC invocations=3 (full 0):
 PSYoungGen      total 38400K, used 4080K [0x00000000d5f80000, 0x00000000d8a00000, 0x0000000100000000)
  eden space 33280K, 0% used [0x00000000d5f80000,0x00000000d5f80000,0x00000000d8000000)
  from space 5120K, 79% used [0x00000000d8000000,0x00000000d83fc020,0x00000000d8500000)
  to   space 5120K, 0% used [0x00000000d8500000,0x00000000d8500000,0x00000000d8a00000)
 ParOldGen       total 87552K, used 29688K [0x0000000081e00000, 0x0000000087380000, 0x00000000d5f80000)
  object space 87552K, 33% used [0x0000000081e00000,0x0000000083afe000,0x0000000087380000)
 Metaspace       used 17802K, capacity 18084K, committed 18560K, reserved 1064960K
  class space    used 2250K, capacity 2332K, committed 2432K, reserved 1048576K
}
Event: 25.189 GC heap before
{Heap before GC invocations=4 (full 0):
 PSYoungGen      total 38400K, used 37360K [0x00000000d5f80000, 0x00000000d8a00000, 0x0000000100000000)
  eden space 33280K, 100% used [0x00000000d5f80000,0x00000000d8000000,0x00000000d8000000)
  from space 5120K, 79% used [0x00000000d8000000,0x00000000d83fc020,0x00000000d8500000)
  to   space 5120K, 0% used [0x00000000d8500000,0x00000000d8500000,0x00000000d8a00000)
 ParOldGen       total 87552K, used 29688K [0x0000000081e00000, 0x0000000087380000, 0x00000000d5f80000)
  object space 87552K, 33% used [0x0000000081e00000,0x0000000083afe000,0x0000000087380000)
 Metaspace       used 17837K, capacity 18084K, committed 18560K, reserved 1064960K
  class space    used 2250K, capacity 2332K, committed 2432K, reserved 1048576K
Event: 25.198 GC heap after
Heap after GC invocations=4 (full 0):
 PSYoungGen      total 38400K, used 4080K [0x00000000d5f80000, 0x00000000d8a00000, 0x0000000100000000)
  eden space 33280K, 0% used [0x00000000d5f80000,0x00000000d5f80000,0x00000000d8000000)
  from space 5120K, 79% used [0x00000000d8500000,0x00000000d88fc020,0x00000000d8a00000)
  to   space 5120K, 0% used [0x00000000d8000000,0x00000000d8000000,0x00000000d8500000)
 ParOldGen       total 87552K, used 45388K [0x0000000081e00000, 0x0000000087380000, 0x00000000d5f80000)
  object space 87552K, 51% used [0x0000000081e00000,0x0000000084a532c8,0x0000000087380000)
 Metaspace       used 17837K, capacity 18084K, committed 18560K, reserved 1064960K
  class space    used 2250K, capacity 2332K, committed 2432K, reserved 1048576K
}

